SF:lib/core/data/remote/app_exceptions.dart
DA:8,0
DA:9,0
DA:11,0
DA:16,0
DA:21,0
DA:26,0
DA:31,0
DA:36,0
DA:41,0
DA:46,0
DA:51,0
DA:56,0
DA:61,0
DA:66,0
DA:71,0
LF:15
LH:0
end_of_record
SF:lib/data/models/book.dart
DA:5,0
DA:6,0
DA:16,0
DA:25,0
DA:26,0
DA:27,0
DA:29,0
DA:30,0
DA:32,0
DA:33,0
DA:35,0
DA:36,0
DA:38,0
DA:39,0
DA:42,0
DA:48,0
DA:49,0
DA:50,0
DA:51,0
DA:52,0
DA:53,0
DA:54,0
DA:55,0
DA:60,0
DA:61,0
DA:62,0
DA:67,0
DA:68,0
LF:28
LH:0
end_of_record
SF:lib/presentation/pages/book_search/bloc/book_search_bloc.dart
DA:13,1
DA:14,3
DA:19,3
DA:20,2
DA:21,3
DA:29,1
DA:34,2
DA:36,3
DA:37,4
DA:39,4
DA:40,1
DA:41,3
DA:42,3
DA:44,0
DA:45,0
DA:50,0
DA:54,0
LF:17
LH:13
end_of_record
SF:lib/presentation/pages/book_search/bloc/book_search_event.dart
DA:4,3
DA:8,1
DA:11,0
DA:12,0
DA:14,0
DA:19,3
DA:20,0
DA:21,0
LF:8
LH:3
end_of_record
SF:lib/presentation/pages/book_search/bloc/book_search_state.dart
DA:5,2
DA:7,1
DA:8,1
DA:16,2
DA:19,1
DA:20,2
DA:22,1
DA:27,2
DA:31,1
DA:32,2
LF:10
LH:10
end_of_record
SF:lib/repository/books_repository.dart
DA:6,0
LF:1
LH:0
end_of_record
SF:lib/app.dart
DA:9,1
DA:11,0
DA:13,0
DA:15,0
DA:16,0
DA:18,0
DA:20,0
DA:21,0
DA:22,0
DA:23,0
LF:10
LH:1
end_of_record
SF:lib/presentation/routes/app_router.dart
DA:10,0
DA:11,0
DA:12,0
LF:3
LH:0
end_of_record
SF:lib/presentation/theme/app_colors.dart
DA:8,0
DA:10,0
LF:2
LH:0
end_of_record
SF:lib/presentation/theme/text_style.dart
DA:8,0
DA:15,0
DA:18,0
DA:19,0
DA:21,0
DA:25,0
LF:6
LH:0
end_of_record
SF:lib/core/di/dependencies_container.dart
DA:12,0
DA:16,0
DA:18,0
DA:19,0
DA:20,0
DA:21,0
DA:22,0
DA:24,0
DA:28,0
DA:29,0
DA:31,0
DA:32,0
LF:12
LH:0
end_of_record
SF:lib/app_bloc_observer.dart
DA:5,0
DA:10,0
DA:11,0
DA:14,0
DA:16,0
DA:17,0
DA:20,0
DA:22,0
DA:23,0
DA:26,0
DA:28,0
DA:29,0
LF:12
LH:0
end_of_record
SF:lib/core/utils/app_logger.dart
DA:4,3
LF:1
LH:1
end_of_record
SF:lib/bootstrap.dart
DA:9,0
DA:13,0
DA:14,0
DA:15,0
DA:16,0
DA:21,0
DA:22,0
DA:24,0
DA:26,0
LF:9
LH:0
end_of_record
SF:lib/core/utils/build_config.dart
DA:7,0
LF:1
LH:0
end_of_record
SF:lib/core/data/remote/api_manager.dart
DA:5,0
LF:1
LH:0
end_of_record
SF:lib/core/data/remote/default_api_error_handler.dart
DA:12,1
DA:18,1
DA:20,0
DA:22,0
DA:24,0
DA:25,0
DA:26,0
DA:29,0
DA:30,0
DA:31,0
DA:34,0
DA:36,0
DA:37,0
DA:41,0
DA:42,0
DA:43,0
DA:46,0
DA:47,0
DA:50,0
DA:51,0
DA:52,0
DA:53,0
DA:54,0
DA:55,0
DA:56,0
DA:57,0
DA:58,0
DA:59,0
DA:60,0
DA:61,0
DA:62,0
DA:63,0
DA:65,0
DA:66,0
DA:70,0
DA:71,0
DA:72,0
DA:73,0
DA:74,0
DA:76,0
DA:78,0
DA:79,0
DA:81,0
DA:82,0
DA:83,0
DA:85,0
DA:86,0
DA:87,0
DA:89,0
DA:90,0
DA:91,0
DA:94,0
LF:52
LH:2
end_of_record
SF:lib/core/data/remote/dio_api_manger.dart
DA:11,0
DA:14,0
DA:18,0
DA:20,0
DA:26,0
DA:36,0
DA:41,0
DA:44,0
DA:46,0
DA:48,0
DA:52,0
DA:54,0
DA:57,0
DA:62,0
DA:63,0
DA:66,0
DA:70,0
DA:76,0
DA:79,0
LF:19
LH:0
end_of_record
SF:lib/data/resources/remote/books_api_provider.dart
DA:6,0
DA:12,0
DA:14,0
DA:16,0
DA:18,0
DA:23,0
LF:6
LH:0
end_of_record
SF:lib/data/resources/repository/app_books_repository.dart
DA:5,0
DA:6,0
DA:7,0
LF:3
LH:0
end_of_record
SF:lib/main_development.dart
DA:6,0
DA:7,0
DA:12,0
DA:13,0
DA:20,0
DA:24,0
LF:6
LH:0
end_of_record
SF:lib/presentation/components/custom_error.dart
DA:6,1
DA:16,0
DA:18,0
DA:19,0
DA:21,0
DA:24,0
DA:25,0
DA:26,0
DA:27,0
DA:28,0
DA:29,0
LF:11
LH:1
end_of_record
SF:lib/presentation/components/loading.dart
DA:4,1
DA:6,0
LF:2
LH:1
end_of_record
SF:lib/presentation/components/search_box.dart
DA:8,0
DA:10,0
DA:12,0
DA:14,0
DA:17,0
DA:19,0
DA:22,0
DA:28,0
DA:29,0
DA:30,0
DA:32,0
DA:33,0
DA:34,0
DA:36,0
DA:37,0
DA:38,0
LF:16
LH:0
end_of_record
SF:lib/presentation/pages/book_search/view/book_search_page.dart
DA:14,1
DA:16,0
DA:18,0
DA:19,0
DA:20,0
DA:21,0
DA:22,0
DA:23,0
DA:31,1
DA:33,0
DA:35,0
DA:36,0
DA:37,0
DA:39,0
DA:40,0
LF:15
LH:2
end_of_record
SF:lib/presentation/pages/book_search/widgets/books_search_box.dart
DA:9,1
DA:11,0
DA:13,0
DA:14,0
DA:15,0
DA:16,0
DA:17,0
DA:18,0
LF:8
LH:1
end_of_record
SF:lib/presentation/pages/book_search/widgets/books_search_result.dart
DA:12,1
DA:14,0
DA:16,0
DA:17,0
DA:18,0
DA:19,0
DA:20,0
DA:22,0
DA:23,0
DA:25,0
DA:26,0
DA:27,0
DA:28,0
DA:38,1
DA:40,0
DA:48,0
DA:50,0
DA:52,0
DA:53,0
DA:54,0
DA:55,0
LF:21
LH:2
end_of_record
SF:lib/presentation/pages/book_search/widgets/book_card.dart
DA:10,0
DA:12,0
DA:14,0
DA:15,0
DA:16,0
DA:17,0
DA:18,0
DA:19,0
DA:20,0
DA:24,0
DA:25,0
DA:26,0
DA:27,0
DA:28,0
DA:29,0
DA:30,0
DA:31,0
DA:38,0
DA:40,0
DA:41,0
DA:42,0
DA:43,0
DA:44,0
DA:45,0
DA:46,0
DA:48,0
DA:56,0
DA:57,0
DA:58,0
DA:59,0
DA:60,0
DA:61,0
DA:62,0
DA:64,0
LF:34
LH:0
end_of_record
SF:lib/presentation/pages/book_search/widgets/books_results_listing.dart
DA:8,0
DA:10,0
DA:12,0
DA:13,0
DA:16,0
DA:17,0
DA:18,0
DA:19,0
DA:20,0
DA:21,0
LF:10
LH:0
end_of_record
